Start at: Mon Jan 18 2016 18:36:08 GMT+0800 (CST)
Mon Jan 18 2016 18:36:09 GMT+0800 (CST)
[
  "201725",
  "201724",
  "201720",
  "201717",
  "201715",
  "201709",
  "201708",
  "201707",
  "201705",
  "201703",
  "201699",
  "201698",
  "201696",
  "201694",
  "201692",
  "201690",
  "201686",
  "201685",
  "201682",
  "201680",
  "201675",
  "201674",
  "201672",
  "201669",
  "201668",
  "201667",
  "201665",
  "201664",
  "201663",
  "201662",
  "201660",
  "201659",
  "201655",
  "201653",
  "201652",
  "201651",
  "201649",
  "201644",
  "201641",
  "201639",
  "201636",
  "201634",
  "201633",
  "201632",
  "201629",
  "201623",
  "201622",
  "201621",
  "201620",
  "201619",
  "201528",
  "201527",
  "201526",
  "201525",
  "201524",
  "201523",
  "201522",
  "201521",
  "201520",
  "201519",
  "201518",
  "201517",
  "201516",
  "201515",
  "201514",
  "201513",
  "201512",
  "201511",
  "201510",
  "201509",
  "201508",
  "201507",
  "201505",
  "201506",
  "201504",
  "201503",
  "201502",
  "201501",
  "201500",
  "201499",
  "201498",
  "201497",
  "201496",
  "201495",
  "201494",
  "201493",
  "201492",
  "201491",
  "201490",
  "201489",
  "201488",
  "201487",
  "201486",
  "201485",
  "201484",
  "201483",
  "201482",
  "201481",
  "201480",
  "201479",
  "201478",
  "201477",
  "201476",
  "201475",
  "201474",
  "201473",
  "201472",
  "201471",
  "201470",
  "201469",
  "201468",
  "201467",
  "201466",
  "201465",
  "201464",
  "201463",
  "201462",
  "201461",
  "201460",
  "201459",
  "201458",
  "201457",
  "201456",
  "201455",
  "201454",
  "201453",
  "201452",
  "201451",
  "201450",
  "201449",
  "201448",
  "201447",
  "201446",
  "201445",
  "201444",
  "201443",
  "201442",
  "201441",
  "201440",
  "201439",
  "201438",
  "201437",
  "201436",
  "201435",
  "201434",
  "201433",
  "201432",
  "201431",
  "201430",
  "201429",
  "201428",
  "201427",
  "201426",
  "201425",
  "201424",
  "201423",
  "201422",
  "201421",
  "201420",
  "201419",
  "201418",
  "201417",
  "201416",
  "201415",
  "201414",
  "201413",
  "201412",
  "201411",
  "201410",
  "201409",
  "201408",
  "201407",
  "201406",
  "201405",
  "201404",
  "201403",
  "201402",
  "201401",
  "201400",
  "201399",
  "201398",
  "201397",
  "201396",
  "201395",
  "201394",
  "201393",
  "201392",
  "201391",
  "201384",
  "201378",
  "201390",
  "201389",
  "201388",
  "201387",
  "201386",
  "201385",
  "201383",
  "201382",
  "201381",
  "201380",
  "201618",
  "201617",
  "201616",
  "201615",
  "201614",
  "201613",
  "201612",
  "201611",
  "201605",
  "201599",
  "201595",
  "201592",
  "201591",
  "201590",
  "201588",
  "201583",
  "201582",
  "201581",
  "201580",
  "201578",
  "201576",
  "201574",
  "201573",
  "201567",
  "201566",
  "201564",
  "201559",
  "201557",
  "201556",
  "201553",
  "201550",
  "201548",
  "201547",
  "201546",
  "201545",
  "201544",
  "201543",
  "201542",
  "201541",
  "201540",
  "201538",
  "201537",
  "201536",
  "201535",
  "201534",
  "201533",
  "201532",
  "201531",
  "201530",
  "201529"
]
Start at: Mon Jan 18 2016 18:36:09 GMT+0800 (CST)

All Comments: 1215
DeviceType          Count               Percent
android             549                 45.18518518518518%
win10               248                 20.411522633744855%
unknown             198                 16.296296296296298%
iphone              170                 13.991769547325102%
wp                  157                 12.921810699588477%
windows8            73                  6.008230452674898%
ipad                13                  1.0699588477366255%
itouch              3                   0.24691358024691357%
qiyu                2                   0.1646090534979424%

All Devices: 1215DeviceInfo          Count               Percent
unknown             198                 16.296296296296298%
诺基亚 Lumia 1520      64                  5.267489711934156%
诺基亚 Lumia 930       52                  4.279835390946502%
Win10客户端            47                  3.868312757201646%
诺基亚 Lumia 830       44                  3.6213991769547325%
诺基亚 Lumia 920       33                  2.7160493827160495%
小米 4                32                  2.633744855967078%
诺基亚 Lumia 1020      28                  2.3045267489711936%
微软 Lumia 640        27                  2.2222222222222223%
iPhone 6 Plus       26                  2.139917695473251%
iPhone 6            26                  2.139917695473251%
诺基亚 Lumia 925       24                  1.9753086419753085%
诺基亚 Lumia 638       23                  1.8930041152263373%
Android 客户端         21                  1.728395061728395%
Moto X 2014         21                  1.728395061728395%
HTC One M8          20                  1.646090534979424%
微软 Lumia 640 XL     15                  1.2345679012345678%
iPhone 5s 土豪金       15                  1.2345679012345678%
Surface Pro 3       15                  1.2345679012345678%
iPhone 5s 月光银       14                  1.1522633744855968%
三星 Galaxy Note 5    14                  1.1522633744855968%
Nexus 6P            13                  1.0699588477366255%
iPhone 6s 金         12                  0.9876543209876543%
诺基亚 Lumia 1320      12                  0.9876543209876543%
微软 Lumia 950 XL     12                  0.9876543209876543%
索尼 Xperia Z3        12                  0.9876543209876543%
iPhone 6s Plus 金    11                  0.9053497942386831%
魅族 MX5              10                  0.823045267489712%
红米 2                10                  0.823045267489712%
Nexus 5             10                  0.823045267489712%
小米 Note             10                  0.823045267489712%
iPhone 5s 深空灰       9                   0.7407407407407408%
索尼 Xperia Z5        9                   0.7407407407407408%
魅蓝 Note 2           9                   0.7407407407407408%
iPhone 6s 银         9                   0.7407407407407408%
iPhone 6s 深空灰       8                   0.6584362139917695%
荣耀6                 8                   0.6584362139917695%
魅蓝 metal            8                   0.6584362139917695%
iPhone 5            8                   0.6584362139917695%
小米4c                8                   0.6584362139917695%
iPhone 4s 白         7                   0.5761316872427984%
诺基亚 Lumia 920T      7                   0.5761316872427984%
红米 Note 2           7                   0.5761316872427984%
小米 2S               7                   0.5761316872427984%
诺基亚 Lumia 925T      7                   0.5761316872427984%
Moto G              6                   0.49382716049382713%
索尼 Xperia Z2        6                   0.49382716049382713%
三星 Galaxy S6 edge   6                   0.49382716049382713%
Nexus 6             6                   0.49382716049382713%
微软 Lumia 535        6                   0.49382716049382713%
红米 Note 3           6                   0.49382716049382713%
荣耀 6                6                   0.49382716049382713%
小米 Note 顶配版         6                   0.49382716049382713%
LG G3               6                   0.49382716049382713%
魅族 MX4              6                   0.49382716049382713%
诺基亚 Lumia 928       6                   0.49382716049382713%
小米平板                5                   0.411522633744856%
诺基亚 Lumia Icon      5                   0.411522633744856%
iPhone 6s Plus 深空灰  5                   0.411522633744856%
一加手机                5                   0.411522633744856%
HTC One             5                   0.411522633744856%
中国移动 N1             5                   0.411522633744856%
魅蓝 Note             5                   0.411522633744856%
三星 Galaxy S6        5                   0.411522633744856%
三星 Galaxy Note 3    5                   0.411522633744856%
iPhone 6s 玫瑰金       5                   0.411522633744856%
诺基亚 Lumia 630       5                   0.411522633744856%
三星 Galaxy S6 edge + 5                   0.411522633744856%
小米 3                5                   0.411522633744856%
三星 Galaxy S4        5                   0.411522633744856%
三星 Galaxy Note 4    5                   0.411522633744856%
荣耀6 Plus            4                   0.3292181069958848%
坚果手机                4                   0.3292181069958848%
努比亚 Z9              4                   0.3292181069958848%
诺基亚 Lumia 735       4                   0.3292181069958848%
红米 2A               4                   0.3292181069958848%
中兴 V5 Max           4                   0.3292181069958848%
Smartisan T1        4                   0.3292181069958848%
iPad mini 2         4                   0.3292181069958848%
LG G2               4                   0.3292181069958848%
努比亚 Z9 Max          4                   0.3292181069958848%
Moto X              4                   0.3292181069958848%
魅蓝 2                4                   0.3292181069958848%
iPad Air 2          4                   0.3292181069958848%
刷了Win10的小米4         4                   0.3292181069958848%
华为 P8               4                   0.3292181069958848%
魅族 MX2              4                   0.3292181069958848%
三星 W2016            3                   0.24691358024691357%
iPhone 6s Plus 银    3                   0.24691358024691357%
iPhone 5c  蓝        3                   0.24691358024691357%
索尼 Xperia Z3C       3                   0.24691358024691357%
荣耀畅玩 4C             3                   0.24691358024691357%
红米 Note 4G          3                   0.24691358024691357%
索尼 Xperia Z5 尊享版    3                   0.24691358024691357%
三星 Galaxy A5        3                   0.24691358024691357%
华为 Mate 7           3                   0.24691358024691357%
iPhone 6s Plus 玫瑰金  3                   0.24691358024691357%
微软 Lumia 950        3                   0.24691358024691357%
魅族 MX3              3                   0.24691358024691357%
Moto G 2014         3                   0.24691358024691357%
一加手机 X              3                   0.24691358024691357%
Moto X Style        3                   0.24691358024691357%
诺基亚 Lumia 636       3                   0.24691358024691357%
诺基亚 Lumia 820       3                   0.24691358024691357%
诺基亚 Lumia 526       3                   0.24691358024691357%
三星 Galaxy S5        3                   0.24691358024691357%
诺基亚 Lumia 525       3                   0.24691358024691357%
红米 Note             2                   0.1646090534979424%
华为 Mate 8           2                   0.1646090534979424%
诺基亚 XL 4G           2                   0.1646090534979424%
HTC One M7          2                   0.1646090534979424%
小米 2                2                   0.1646090534979424%
荣耀 4A               2                   0.1646090534979424%
HTC One X9          2                   0.1646090534979424%
索尼 Xperia Z1 Compact2                   0.1646090534979424%
索尼 Xperia Z3+       2                   0.1646090534979424%
中兴 威武 3             2                   0.1646090534979424%
旗鱼浏览器               2                   0.1646090534979424%
The new iPod touch  2                   0.1646090534979424%
OPPO R1C            2                   0.1646090534979424%
魅族 Pro 5            2                   0.1646090534979424%
HTC 8X              2                   0.1646090534979424%
vivo Xplay          2                   0.1646090534979424%
联想 VIBE Shot        2                   0.1646090534979424%
酷派 8675             2                   0.1646090534979424%
IUNI U3             2                   0.1646090534979424%
iPhone 5c  粉        2                   0.1646090534979424%
中兴 C880U            2                   0.1646090534979424%
HTC One M8 for Windows2                   0.1646090534979424%
诺基亚 XL              2                   0.1646090534979424%
Surface 3           2                   0.1646090534979424%
摩托罗拉 Droid Turbo    2                   0.1646090534979424%
索尼 Xperia T2 Ultra  2                   0.1646090534979424%
索尼 Xperia Z2A       2                   0.1646090534979424%
LG Optimus G Pro    2                   0.1646090534979424%
三星 Galaxy S3        2                   0.1646090534979424%
联想 Yoga 2 Pro       2                   0.1646090534979424%
酷派 8079             2                   0.1646090534979424%
荣耀畅玩 4X             2                   0.1646090534979424%
WP客户端               2                   0.1646090534979424%
vivo Xplay3S        2                   0.1646090534979424%
OPPO R7 Plus        1                   0.0823045267489712%
荣耀 畅玩 4C            1                   0.0823045267489712%
索尼 Xperia Z1        1                   0.0823045267489712%
Surface Book        1                   0.0823045267489712%
联想 VIBE X2          1                   0.0823045267489712%
被修改的iOS设备           1                   0.0823045267489712%
三星 Galaxy Alpha     1                   0.0823045267489712%
三星 I9168I           1                   0.0823045267489712%
vivo X5Pro V        1                   0.0823045267489712%
HTC Desire 826      1                   0.0823045267489712%
酷派 8297             1                   0.0823045267489712%
索尼 L36h             1                   0.0823045267489712%
戴尔灵越 5558           1                   0.0823045267489712%
中兴 Grand S II LTE   1                   0.0823045267489712%
iPod touch 4        1                   0.0823045267489712%
nubia Z7 mini       1                   0.0823045267489712%
华为 Y220T            1                   0.0823045267489712%
联想 Vibe Shot        1                   0.0823045267489712%
诺基亚 Lumia 520       1                   0.0823045267489712%
华为 Y600D            1                   0.0823045267489712%
华硕 ZenFone 2        1                   0.0823045267489712%
Win8.1客户端           1                   0.0823045267489712%
OPPO R2017          1                   0.0823045267489712%
索尼 Xperia Z Ultra   1                   0.0823045267489712%
三星 Galaxy S6 Active 1                   0.0823045267489712%
华为 G621             1                   0.0823045267489712%
华为 Ascend P7        1                   0.0823045267489712%
酷派 7320             1                   0.0823045267489712%
诺基亚 Lumia 822       1                   0.0823045267489712%
格力手机                1                   0.0823045267489712%
华为 C8818            1                   0.0823045267489712%
索尼 Xperia C5 Ultra  1                   0.0823045267489712%
奇酷手机 旗舰版            1                   0.0823045267489712%
iPhone 4            1                   0.0823045267489712%
荣耀 畅玩4X             1                   0.0823045267489712%
iPhone 5c  黄        1                   0.0823045267489712%
三星 G5108Q           1                   0.0823045267489712%
Gigaset Me Pro      1                   0.0823045267489712%
诺基亚 Lumia 2520      1                   0.0823045267489712%
美图手机 4              1                   0.0823045267489712%
努比亚 Z9 mini         1                   0.0823045267489712%
vivo Y17T           1                   0.0823045267489712%
摩托罗拉 XT907          1                   0.0823045267489712%
联想 S658t            1                   0.0823045267489712%
摩托罗拉 MB526          1                   0.0823045267489712%
诺基亚 Lumia 625       1                   0.0823045267489712%
摩托罗拉 XT910          1                   0.0823045267489712%
Moto X Pro          1                   0.0823045267489712%
HTC One M9          1                   0.0823045267489712%
HTC One 时尚版         1                   0.0823045267489712%
OPPO A31            1                   0.0823045267489712%
索尼 Xperia S         1                   0.0823045267489712%
华为 畅享5s             1                   0.0823045267489712%
New Moto X          1                   0.0823045267489712%
橙石 WA1              1                   0.0823045267489712%
索尼 Xperia Z4        1                   0.0823045267489712%
iPhone 1            1                   0.0823045267489712%
台电 X98 Air 3G       1                   0.0823045267489712%
三星 Galaxy Grand Prime1                   0.0823045267489712%
红米 1S               1                   0.0823045267489712%
Surface RT          1                   0.0823045267489712%
vivo X6 Plus        1                   0.0823045267489712%
华为 畅享5              1                   0.0823045267489712%
黑莓 Q10              1                   0.0823045267489712%
索尼 Xperia Z1 炫彩版    1                   0.0823045267489712%
一加手机 2              1                   0.0823045267489712%
iPad Air            1                   0.0823045267489712%
联想 A355e            1                   0.0823045267489712%
三星 ATIV S           1                   0.0823045267489712%
HTC Droid DNA       1                   0.0823045267489712%
索尼 Xperia Z5C       1                   0.0823045267489712%
联想 A628t            1                   0.0823045267489712%
iPad mini 4         1                   0.0823045267489712%
联想 乐檬K3 Note        1                   0.0823045267489712%
HP Pavilion G4      1                   0.0823045267489712%
BLU Win HD LTE      1                   0.0823045267489712%
华为 C8816            1                   0.0823045267489712%
iPad mini           1                   0.0823045267489712%
奇酷手机青春版             1                   0.0823045267489712%
荣耀 7                1                   0.0823045267489712%
诺基亚 Lumia 520T      1                   0.0823045267489712%
Nubia Z5 mini       1                   0.0823045267489712%
索尼 Xperia M2        1                   0.0823045267489712%
中兴 N880E            1                   0.0823045267489712%
华为 G7               1                   0.0823045267489712%
摩托罗拉 XT1080         1                   0.0823045267489712%
中兴 U807             1                   0.0823045267489712%
酷派 大神F2             1                   0.0823045267489712%
华为 G730             1                   0.0823045267489712%
三星 Galaxy J3        1                   0.0823045267489712%
OPPO Find 7 轻装版     1                   0.0823045267489712%
宏碁 Aspire E5-572G   1                   0.0823045267489712%
华为 P6               1                   0.0823045267489712%
魅蓝                  1                   0.0823045267489712%
魅族 MX4 Pro          1                   0.0823045267489712%
酷派 9976T            1                   0.0823045267489712%
                    1                   0.0823045267489712%
iPad 2              1                   0.0823045267489712%
Mon Jan 18 2016 18:36:39 GMT+0800 (CST)
[
  {
    "type": "android",
    "sum": 549
  },
  {
    "type": "win10",
    "sum": 248
  },
  {
    "type": "unknown",
    "sum": 198
  },
  {
    "type": "iphone",
    "sum": 170
  },
  {
    "type": "wp",
    "sum": 157
  },
  {
    "type": "windows8",
    "sum": 73
  },
  {
    "type": "ipad",
    "sum": 13
  },
  {
    "type": "itouch",
    "sum": 3
  },
  {
    "type": "qiyu",
    "sum": 2
  }
]
[
  {
    "type": "unknown",
    "sum": 198
  },
  {
    "type": "诺基亚 Lumia 1520",
    "sum": 64
  },
  {
    "type": "诺基亚 Lumia 930",
    "sum": 52
  },
  {
    "type": "Win10客户端",
    "sum": 47
  },
  {
    "type": "诺基亚 Lumia 830",
    "sum": 44
  },
  {
    "type": "诺基亚 Lumia 920",
    "sum": 33
  },
  {
    "type": "小米 4",
    "sum": 32
  },
  {
    "type": "诺基亚 Lumia 1020",
    "sum": 28
  },
  {
    "type": "微软 Lumia 640",
    "sum": 27
  },
  {
    "type": "iPhone 6 Plus",
    "sum": 26
  },
  {
    "type": "iPhone 6",
    "sum": 26
  },
  {
    "type": "诺基亚 Lumia 925",
    "sum": 24
  },
  {
    "type": "诺基亚 Lumia 638",
    "sum": 23
  },
  {
    "type": "Android 客户端",
    "sum": 21
  },
  {
    "type": "Moto X 2014",
    "sum": 21
  },
  {
    "type": "HTC One M8",
    "sum": 20
  },
  {
    "type": "微软 Lumia 640 XL",
    "sum": 15
  },
  {
    "type": "iPhone 5s 土豪金",
    "sum": 15
  },
  {
    "type": "Surface Pro 3",
    "sum": 15
  },
  {
    "type": "iPhone 5s 月光银",
    "sum": 14
  },
  {
    "type": "三星 Galaxy Note 5",
    "sum": 14
  },
  {
    "type": "Nexus 6P",
    "sum": 13
  },
  {
    "type": "iPhone 6s 金",
    "sum": 12
  },
  {
    "type": "诺基亚 Lumia 1320",
    "sum": 12
  },
  {
    "type": "微软 Lumia 950 XL",
    "sum": 12
  },
  {
    "type": "索尼 Xperia Z3",
    "sum": 12
  },
  {
    "type": "iPhone 6s Plus 金",
    "sum": 11
  },
  {
    "type": "魅族 MX5",
    "sum": 10
  },
  {
    "type": "红米 2",
    "sum": 10
  },
  {
    "type": "Nexus 5",
    "sum": 10
  },
  {
    "type": "小米 Note",
    "sum": 10
  },
  {
    "type": "iPhone 5s 深空灰",
    "sum": 9
  },
  {
    "type": "索尼 Xperia Z5",
    "sum": 9
  },
  {
    "type": "魅蓝 Note 2",
    "sum": 9
  },
  {
    "type": "iPhone 6s 银",
    "sum": 9
  },
  {
    "type": "iPhone 6s 深空灰",
    "sum": 8
  },
  {
    "type": "荣耀6",
    "sum": 8
  },
  {
    "type": "魅蓝 metal",
    "sum": 8
  },
  {
    "type": "iPhone 5",
    "sum": 8
  },
  {
    "type": "小米4c",
    "sum": 8
  },
  {
    "type": "iPhone 4s 白",
    "sum": 7
  },
  {
    "type": "诺基亚 Lumia 920T",
    "sum": 7
  },
  {
    "type": "红米 Note 2",
    "sum": 7
  },
  {
    "type": "小米 2S",
    "sum": 7
  },
  {
    "type": "诺基亚 Lumia 925T",
    "sum": 7
  },
  {
    "type": "Moto G",
    "sum": 6
  },
  {
    "type": "索尼 Xperia Z2",
    "sum": 6
  },
  {
    "type": "三星 Galaxy S6 edge",
    "sum": 6
  },
  {
    "type": "Nexus 6",
    "sum": 6
  },
  {
    "type": "微软 Lumia 535",
    "sum": 6
  },
  {
    "type": "红米 Note 3",
    "sum": 6
  },
  {
    "type": "荣耀 6",
    "sum": 6
  },
  {
    "type": "小米 Note 顶配版",
    "sum": 6
  },
  {
    "type": "LG G3",
    "sum": 6
  },
  {
    "type": "魅族 MX4",
    "sum": 6
  },
  {
    "type": "诺基亚 Lumia 928",
    "sum": 6
  },
  {
    "type": "小米平板",
    "sum": 5
  },
  {
    "type": "诺基亚 Lumia Icon",
    "sum": 5
  },
  {
    "type": "iPhone 6s Plus 深空灰",
    "sum": 5
  },
  {
    "type": "一加手机",
    "sum": 5
  },
  {
    "type": "HTC One",
    "sum": 5
  },
  {
    "type": "中国移动 N1",
    "sum": 5
  },
  {
    "type": "魅蓝 Note",
    "sum": 5
  },
  {
    "type": "三星 Galaxy S6",
    "sum": 5
  },
  {
    "type": "三星 Galaxy Note 3",
    "sum": 5
  },
  {
    "type": "iPhone 6s 玫瑰金",
    "sum": 5
  },
  {
    "type": "诺基亚 Lumia 630",
    "sum": 5
  },
  {
    "type": "三星 Galaxy S6 edge +",
    "sum": 5
  },
  {
    "type": "小米 3",
    "sum": 5
  },
  {
    "type": "三星 Galaxy S4",
    "sum": 5
  },
  {
    "type": "三星 Galaxy Note 4",
    "sum": 5
  },
  {
    "type": "荣耀6 Plus",
    "sum": 4
  },
  {
    "type": "坚果手机",
    "sum": 4
  },
  {
    "type": "努比亚 Z9",
    "sum": 4
  },
  {
    "type": "诺基亚 Lumia 735",
    "sum": 4
  },
  {
    "type": "红米 2A",
    "sum": 4
  },
  {
    "type": "中兴 V5 Max",
    "sum": 4
  },
  {
    "type": "Smartisan T1",
    "sum": 4
  },
  {
    "type": "iPad mini 2",
    "sum": 4
  },
  {
    "type": "LG G2",
    "sum": 4
  },
  {
    "type": "努比亚 Z9 Max",
    "sum": 4
  },
  {
    "type": "Moto X",
    "sum": 4
  },
  {
    "type": "魅蓝 2",
    "sum": 4
  },
  {
    "type": "iPad Air 2",
    "sum": 4
  },
  {
    "type": "刷了Win10的小米4",
    "sum": 4
  },
  {
    "type": "华为 P8",
    "sum": 4
  },
  {
    "type": "魅族 MX2",
    "sum": 4
  },
  {
    "type": "三星 W2016",
    "sum": 3
  },
  {
    "type": "iPhone 6s Plus 银",
    "sum": 3
  },
  {
    "type": "iPhone 5c  蓝",
    "sum": 3
  },
  {
    "type": "索尼 Xperia Z3C",
    "sum": 3
  },
  {
    "type": "荣耀畅玩 4C",
    "sum": 3
  },
  {
    "type": "红米 Note 4G",
    "sum": 3
  },
  {
    "type": "索尼 Xperia Z5 尊享版",
    "sum": 3
  },
  {
    "type": "三星 Galaxy A5",
    "sum": 3
  },
  {
    "type": "华为 Mate 7",
    "sum": 3
  },
  {
    "type": "iPhone 6s Plus 玫瑰金",
    "sum": 3
  },
  {
    "type": "微软 Lumia 950",
    "sum": 3
  },
  {
    "type": "魅族 MX3",
    "sum": 3
  },
  {
    "type": "Moto G 2014",
    "sum": 3
  },
  {
    "type": "一加手机 X",
    "sum": 3
  },
  {
    "type": "Moto X Style",
    "sum": 3
  },
  {
    "type": "诺基亚 Lumia 636",
    "sum": 3
  },
  {
    "type": "诺基亚 Lumia 820",
    "sum": 3
  },
  {
    "type": "诺基亚 Lumia 526",
    "sum": 3
  },
  {
    "type": "三星 Galaxy S5",
    "sum": 3
  },
  {
    "type": "诺基亚 Lumia 525",
    "sum": 3
  },
  {
    "type": "红米 Note",
    "sum": 2
  },
  {
    "type": "华为 Mate 8",
    "sum": 2
  },
  {
    "type": "诺基亚 XL 4G",
    "sum": 2
  },
  {
    "type": "HTC One M7",
    "sum": 2
  },
  {
    "type": "小米 2",
    "sum": 2
  },
  {
    "type": "荣耀 4A",
    "sum": 2
  },
  {
    "type": "HTC One X9",
    "sum": 2
  },
  {
    "type": "索尼 Xperia Z1 Compact",
    "sum": 2
  },
  {
    "type": "索尼 Xperia Z3+",
    "sum": 2
  },
  {
    "type": "中兴 威武 3",
    "sum": 2
  },
  {
    "type": "旗鱼浏览器",
    "sum": 2
  },
  {
    "type": "The new iPod touch",
    "sum": 2
  },
  {
    "type": "OPPO R1C",
    "sum": 2
  },
  {
    "type": "魅族 Pro 5",
    "sum": 2
  },
  {
    "type": "HTC 8X",
    "sum": 2
  },
  {
    "type": "vivo Xplay",
    "sum": 2
  },
  {
    "type": "联想 VIBE Shot",
    "sum": 2
  },
  {
    "type": "酷派 8675",
    "sum": 2
  },
  {
    "type": "IUNI U3",
    "sum": 2
  },
  {
    "type": "iPhone 5c  粉",
    "sum": 2
  },
  {
    "type": "中兴 C880U",
    "sum": 2
  },
  {
    "type": "HTC One M8 for Windows",
    "sum": 2
  },
  {
    "type": "诺基亚 XL",
    "sum": 2
  },
  {
    "type": "Surface 3",
    "sum": 2
  },
  {
    "type": "摩托罗拉 Droid Turbo",
    "sum": 2
  },
  {
    "type": "索尼 Xperia T2 Ultra",
    "sum": 2
  },
  {
    "type": "索尼 Xperia Z2A",
    "sum": 2
  },
  {
    "type": "LG Optimus G Pro",
    "sum": 2
  },
  {
    "type": "三星 Galaxy S3",
    "sum": 2
  },
  {
    "type": "联想 Yoga 2 Pro",
    "sum": 2
  },
  {
    "type": "酷派 8079",
    "sum": 2
  },
  {
    "type": "荣耀畅玩 4X",
    "sum": 2
  },
  {
    "type": "WP客户端",
    "sum": 2
  },
  {
    "type": "vivo Xplay3S",
    "sum": 2
  },
  {
    "type": "OPPO R7 Plus",
    "sum": 1
  },
  {
    "type": "荣耀 畅玩 4C",
    "sum": 1
  },
  {
    "type": "索尼 Xperia Z1",
    "sum": 1
  },
  {
    "type": "Surface Book",
    "sum": 1
  },
  {
    "type": "联想 VIBE X2",
    "sum": 1
  },
  {
    "type": "被修改的iOS设备",
    "sum": 1
  },
  {
    "type": "三星 Galaxy Alpha",
    "sum": 1
  },
  {
    "type": "三星 I9168I",
    "sum": 1
  },
  {
    "type": "vivo X5Pro V",
    "sum": 1
  },
  {
    "type": "HTC Desire 826",
    "sum": 1
  },
  {
    "type": "酷派 8297",
    "sum": 1
  },
  {
    "type": "索尼 L36h",
    "sum": 1
  },
  {
    "type": "戴尔灵越 5558",
    "sum": 1
  },
  {
    "type": "中兴 Grand S II LTE",
    "sum": 1
  },
  {
    "type": "iPod touch 4",
    "sum": 1
  },
  {
    "type": "nubia Z7 mini",
    "sum": 1
  },
  {
    "type": "华为 Y220T",
    "sum": 1
  },
  {
    "type": "联想 Vibe Shot",
    "sum": 1
  },
  {
    "type": "诺基亚 Lumia 520",
    "sum": 1
  },
  {
    "type": "华为 Y600D",
    "sum": 1
  },
  {
    "type": "华硕 ZenFone 2",
    "sum": 1
  },
  {
    "type": "Win8.1客户端",
    "sum": 1
  },
  {
    "type": "OPPO R2017",
    "sum": 1
  },
  {
    "type": "索尼 Xperia Z Ultra",
    "sum": 1
  },
  {
    "type": "三星 Galaxy S6 Active",
    "sum": 1
  },
  {
    "type": "华为 G621",
    "sum": 1
  },
  {
    "type": "华为 Ascend P7",
    "sum": 1
  },
  {
    "type": "酷派 7320",
    "sum": 1
  },
  {
    "type": "诺基亚 Lumia 822",
    "sum": 1
  },
  {
    "type": "格力手机",
    "sum": 1
  },
  {
    "type": "华为 C8818",
    "sum": 1
  },
  {
    "type": "索尼 Xperia C5 Ultra",
    "sum": 1
  },
  {
    "type": "奇酷手机 旗舰版",
    "sum": 1
  },
  {
    "type": "iPhone 4",
    "sum": 1
  },
  {
    "type": "荣耀 畅玩4X",
    "sum": 1
  },
  {
    "type": "iPhone 5c  黄",
    "sum": 1
  },
  {
    "type": "三星 G5108Q",
    "sum": 1
  },
  {
    "type": "Gigaset Me Pro",
    "sum": 1
  },
  {
    "type": "诺基亚 Lumia 2520",
    "sum": 1
  },
  {
    "type": "美图手机 4",
    "sum": 1
  },
  {
    "type": "努比亚 Z9 mini",
    "sum": 1
  },
  {
    "type": "vivo Y17T",
    "sum": 1
  },
  {
    "type": "摩托罗拉 XT907",
    "sum": 1
  },
  {
    "type": "联想 S658t",
    "sum": 1
  },
  {
    "type": "摩托罗拉 MB526",
    "sum": 1
  },
  {
    "type": "诺基亚 Lumia 625",
    "sum": 1
  },
  {
    "type": "摩托罗拉 XT910",
    "sum": 1
  },
  {
    "type": "Moto X Pro",
    "sum": 1
  },
  {
    "type": "HTC One M9",
    "sum": 1
  },
  {
    "type": "HTC One 时尚版",
    "sum": 1
  },
  {
    "type": "OPPO A31",
    "sum": 1
  },
  {
    "type": "索尼 Xperia S",
    "sum": 1
  },
  {
    "type": "华为 畅享5s",
    "sum": 1
  },
  {
    "type": "New Moto X",
    "sum": 1
  },
  {
    "type": "橙石 WA1",
    "sum": 1
  },
  {
    "type": "索尼 Xperia Z4",
    "sum": 1
  },
  {
    "type": "iPhone 1",
    "sum": 1
  },
  {
    "type": "台电 X98 Air 3G",
    "sum": 1
  },
  {
    "type": "三星 Galaxy Grand Prime",
    "sum": 1
  },
  {
    "type": "红米 1S",
    "sum": 1
  },
  {
    "type": "Surface RT",
    "sum": 1
  },
  {
    "type": "vivo X6 Plus",
    "sum": 1
  },
  {
    "type": "华为 畅享5",
    "sum": 1
  },
  {
    "type": "黑莓 Q10",
    "sum": 1
  },
  {
    "type": "索尼 Xperia Z1 炫彩版",
    "sum": 1
  },
  {
    "type": "一加手机 2",
    "sum": 1
  },
  {
    "type": "iPad Air",
    "sum": 1
  },
  {
    "type": "联想 A355e",
    "sum": 1
  },
  {
    "type": "三星 ATIV S",
    "sum": 1
  },
  {
    "type": "HTC Droid DNA",
    "sum": 1
  },
  {
    "type": "索尼 Xperia Z5C",
    "sum": 1
  },
  {
    "type": "联想 A628t",
    "sum": 1
  },
  {
    "type": "iPad mini 4",
    "sum": 1
  },
  {
    "type": "联想 乐檬K3 Note",
    "sum": 1
  },
  {
    "type": "HP Pavilion G4",
    "sum": 1
  },
  {
    "type": "BLU Win HD LTE",
    "sum": 1
  },
  {
    "type": "华为 C8816",
    "sum": 1
  },
  {
    "type": "iPad mini",
    "sum": 1
  },
  {
    "type": "奇酷手机青春版",
    "sum": 1
  },
  {
    "type": "荣耀 7",
    "sum": 1
  },
  {
    "type": "诺基亚 Lumia 520T",
    "sum": 1
  },
  {
    "type": "Nubia Z5 mini",
    "sum": 1
  },
  {
    "type": "索尼 Xperia M2",
    "sum": 1
  },
  {
    "type": "中兴 N880E",
    "sum": 1
  },
  {
    "type": "华为 G7",
    "sum": 1
  },
  {
    "type": "摩托罗拉 XT1080",
    "sum": 1
  },
  {
    "type": "中兴 U807",
    "sum": 1
  },
  {
    "type": "酷派 大神F2",
    "sum": 1
  },
  {
    "type": "华为 G730",
    "sum": 1
  },
  {
    "type": "三星 Galaxy J3",
    "sum": 1
  },
  {
    "type": "OPPO Find 7 轻装版",
    "sum": 1
  },
  {
    "type": "宏碁 Aspire E5-572G",
    "sum": 1
  },
  {
    "type": "华为 P6",
    "sum": 1
  },
  {
    "type": "魅蓝",
    "sum": 1
  },
  {
    "type": "魅族 MX4 Pro",
    "sum": 1
  },
  {
    "type": "酷派 9976T",
    "sum": 1
  },
  {
    "type": "",
    "sum": 1
  },
  {
    "type": "iPad 2",
    "sum": 1
  }
]